proguard/seeds.txt
com.funo.park.GridActivity
com.funo.park.GridActivity: GridActivity()
com.funo.park.LoadingActivity
com.funo.park.LoadingActivity: LoadingActivity()
com.funo.park.MainActivity
com.funo.park.MainActivity: MainActivity()
com.funo.park.MainActivity: void onClick(android.view.View)
com.funo.park.R$color: int bg
com.funo.park.R$color: int black
com.funo.park.R$color: int black2
com.funo.park.R$color: int blacktext
com.funo.park.R$color: int blue
com.funo.park.R$color: int del
com.funo.park.R$color: int dialog_bg_color
com.funo.park.R$color: int fav
com.funo.park.R$color: int gray
com.funo.park.R$color: int graybg
com.funo.park.R$color: int itemF
com.funo.park.R$color: int myedittext_bg_color
com.funo.park.R$color: int red
com.funo.park.R$color: int red_tint
com.funo.park.R$color: int tomato
com.funo.park.R$color: int top_bg_color
com.funo.park.R$color: int wash
com.funo.park.R$color: int washbg
com.funo.park.R$color: int white
com.funo.park.R$color: int yellow
com.funo.park.R$color: int zf_color
com.funo.park.R$drawable: int all
com.funo.park.R$drawable: int all_fouce
com.funo.park.R$drawable: int anim_loading_image
com.funo.park.R$drawable: int attractions
com.funo.park.R$drawable: int attractions_bg
com.funo.park.R$drawable: int attractions_fouce
com.funo.park.R$drawable: int bg
com.funo.park.R$drawable: int bg_edittext
com.funo.park.R$drawable: int bg_edittext_focused
com.funo.park.R$drawable: int bg_edittext_normal
com.funo.park.R$drawable: int bicycle_back_normal
com.funo.park.R$drawable: int bicycle_back_selected
com.funo.park.R$drawable: int bicycle_black_bg
com.funo.park.R$drawable: int bicycle_bottom_bg
com.funo.park.R$drawable: int bicycle_collect_list_normal
com.funo.park.R$drawable: int bicycle_collect_list_selected
com.funo.park.R$drawable: int bicycle_collect_normal
com.funo.park.R$drawable: int bicycle_collect_selected
com.funo.park.R$drawable: int bicycle_collectsmall_normal
com.funo.park.R$drawable: int bicycle_collectsmall_selected
com.funo.park.R$drawable: int bicycle_delete_normal
com.funo.park.R$drawable: int bicycle_delete_selected
com.funo.park.R$drawable: int bicycle_divider_line
com.funo.park.R$drawable: int bicycle_help_normal
com.funo.park.R$drawable: int bicycle_help_selected
com.funo.park.R$drawable: int bicycle_horizontal_line
com.funo.park.R$drawable: int bicycle_listview_normal
com.funo.park.R$drawable: int bicycle_listview_selected
com.funo.park.R$drawable: int bicycle_loaction
com.funo.park.R$id: int ItemImage
com.funo.park.R$id: int ItemText
com.funo.park.R$id: int LinearLayoutPoi
com.funo.park.R$id: int LinearLayoutPopup
com.funo.park.R$id: int PoiAddress
com.funo.park.R$id: int PoiName
com.funo.park.R$id: int acTv
com.funo.park.R$id: int acTv_down
com.funo.park.R$id: int address
com.funo.park.R$id: int addressIv
com.funo.park.R$id: int all_pak
com.funo.park.R$id: int area
com.funo.park.R$id: int attractions
com.funo.park.R$id: int auto_center
com.funo.park.R$id: int auto_index
com.funo.park.R$id: int auto_indexIv
com.funo.park.R$id: int auto_list
com.funo.park.R$id: int auto_top
com.funo.park.R$id: int autosearch
com.funo.park.R$id: int back
com.funo.park.R$id: int bicycle_collect
com.funo.park.R$id: int bicycle_collect_addr
com.funo.park.R$id: int bicycle_collect_pic_l
com.funo.park.R$id: int bicycle_collect_station
com.funo.park.R$id: int bicycle_delete
com.funo.park.R$id: int bicycle_help_content
com.funo.park.R$id: int bicycle_help_title
com.funo.park.R$id: int bicycle_list_pic_l
com.funo.park.R$id: int bicycle_list_text_l
com.funo.park.R$id: int bicycle_listcollect_text_l
com.funo.park.R$id: int bicycle_mapView
com.funo.park.R$id: int bicycle_popup_addr
com.funo.park.R$id: int bicycle_popup_collectsmall
com.funo.park.R$id: int bicycle_popup_pic_l
com.funo.park.R$id: int bicycle_popup_roadline
com.funo.park.R$id: int bicycle_popup_title
com.funo.park.R$id: int bicycle_roadline
...
com.amap.mapapi.busline.BusQuery$SearchType: com.amap.mapapi.busline.BusQuery$SearchType[] values()
com.amap.mapapi.busline.BusQuery$SearchType: com.amap.mapapi.busline.BusQuery$SearchType valueOf(java.lang.String)
com.amap.mapapi.core.GeoPoint
com.amap.mapapi.core.GeoPoint: android.os.Parcelable$Creator CREATOR
com.amap.mapapi.core.GeoPoint$EnumMapProjection: com.amap.mapapi.core.GeoPoint$EnumMapProjection[] values()
com.amap.mapapi.core.GeoPoint$EnumMapProjection: com.amap.mapapi.core.GeoPoint$EnumMapProjection valueOf(java.lang.String)
com.amap.mapapi.core.OverlayItem
com.amap.mapapi.core.OverlayItem: android.os.Parcelable$Creator CREATOR
com.amap.mapapi.core.PoiItem
com.amap.mapapi.core.PoiItem: android.os.Parcelable$Creator CREATOR
com.amap.mapapi.core.b$a: com.amap.mapapi.core.b$a[] values()
com.amap.mapapi.core.b$a: com.amap.mapapi.core.b$a valueOf(java.lang.String)
com.amap.mapapi.map.ItemizedOverlay$a: com.amap.mapapi.map.ItemizedOverlay$a[] values()
com.amap.mapapi.map.ItemizedOverlay$a: com.amap.mapapi.map.ItemizedOverlay$a valueOf(java.lang.String)
com.amap.mapapi.map.MapActivity
com.amap.mapapi.map.MapActivity: MapActivity()
com.amap.mapapi.map.MapView
com.amap.mapapi.map.MapView: MapView(android.content.Context)
com.amap.mapapi.map.MapView: MapView(android.content.Context,java.lang.String)
com.amap.mapapi.map.MapView: MapView(android.content.Context,android.util.AttributeSet)
com.amap.mapapi.map.MapView: MapView(android.content.Context,android.util.AttributeSet,int)
com.amap.mapapi.map.MapView: void setMapProjectSetting(com.amap.mapapi.map.ad)
com.amap.mapapi.map.MapView: void setScreenHotPoint(android.graphics.Point)
com.amap.mapapi.map.MapView: void setMapMoveEnable(boolean)
com.amap.mapapi.map.MapView: void setServerUrl(com.amap.mapapi.core.r)
com.amap.mapapi.map.MapView: void setDoubleClickZooming(boolean)
com.amap.mapapi.map.MapView: void setEnabled(boolean)
com.amap.mapapi.map.MapView: void setReticleDrawMode(com.amap.mapapi.map.MapView$ReticleDrawMode)
com.amap.mapapi.map.MapView: void setBuiltInZoomControls(boolean)
com.amap.mapapi.map.MapView: void setVectorMap(boolean)
com.amap.mapapi.map.MapView: void setMapviewSizeChangedListener(com.amap.mapapi.map.MapView$d)
com.amap.mapapi.map.MapView: void setSatellite(boolean)
com.amap.mapapi.map.MapView: void setTraffic(boolean)
com.amap.mapapi.map.MapView: void setStreetView(boolean)
com.amap.mapapi.map.MapView: void setClickable(boolean)
com.amap.mapapi.map.MapView: void setMapAngle(int)
com.amap.mapapi.map.MapView$LayoutParams
com.amap.mapapi.map.MapView$LayoutParams: MapView$LayoutParams(android.content.Context,android.util.AttributeSet)
com.amap.mapapi.map.MapView$ReticleDrawMode: com.amap.mapapi.map.MapView$ReticleDrawMode[] values()
com.amap.mapapi.map.MapView$ReticleDrawMode: com.amap.mapapi.map.MapView$ReticleDrawMode valueOf(java.lang.String)
com.amap.mapapi.map.MapView$c
com.google.gson.FieldNamingPolicy: com.google.gson.FieldNamingPolicy[] values()
com.google.gson.FieldNamingPolicy: com.google.gson.FieldNamingPolicy valueOf(java.lang.String)
com.google.gson.LongSerializationPolicy: com.google.gson.LongSerializationPolicy[] values()
com.google.gson.LongSerializationPolicy: com.google.gson.LongSerializationPolicy valueOf(java.lang.String)
com.google.gson.stream.JsonScope: com.google.gson.stream.JsonScope[] values()
com.google.gson.stream.JsonScope: com.google.gson.stream.JsonScope valueOf(java.lang.String)
com.google.gson.stream.JsonToken: com.google.gson.stream.JsonToken[] values()
com.google.gson.stream.JsonToken: com.google.gson.stream.JsonToken valueOf(java.lang.String)
com.iflytek.a.a$a: com.iflytek.a.a$a[] values()
com.iflytek.a.a$a: com.iflytek.a.a$a valueOf(java.lang.String)