proguard/mapping.txt
com.funo.park.GridActivity -> com.funo.park.GridActivity:
    java.lang.String[] items -> a
    android.widget.GridView gridView -> b
    android.content.Context context -> c
    void onCreate(android.os.Bundle) -> onCreate
    boolean onKeyDown(int,android.view.KeyEvent) -> onKeyDown
    void quitHandler() -> a
com.funo.park.GridActivity$1 -> com.funo.park.a:
    com.funo.park.GridActivity this$0 -> a
    void onItemClick(android.widget.AdapterView,android.view.View,int,long) -> onItemClick
com.funo.park.GridActivity$2 -> com.funo.park.b:
    com.funo.park.GridActivity this$0 -> a
    void onClick(android.content.DialogInterface,int) -> onClick
com.funo.park.GridActivity$3 -> com.funo.park.c:
    com.funo.park.GridActivity this$0 -> a
    void onClick(android.content.DialogInterface,int) -> onClick
com.funo.park.LoadingActivity -> com.funo.park.LoadingActivity:
    com.funo.park.util.LoadingView main_imageview -> b
    com.funo.park.database.SQLiteDataBaseHelper indexDBHelper -> c
    java.lang.String dataName -> d
    java.lang.String dataPath -> e
    int nowVersion -> f
    android.database.sqlite.SQLiteDatabase indexDB -> a
    boolean isError -> g
    java.lang.String result -> h
    boolean isStarted -> i
    void onCreate(android.os.Bundle) -> onCreate
    void setNetwork() -> a
    void initLoadingImages() -> e
    void onResume() -> onResume
    void onRestart() -> onRestart
    void onDestroy() -> onDestroy
    void openDB() -> b
    void closeDB() -> c
    int getWeatherImg(java.lang.String) -> a
    int getImageId(java.lang.String) -> b
    boolean onKeyDown(int,android.view.KeyEvent) -> onKeyDown
    void quitHandler() -> d
    boolean access$0(com.funo.park.LoadingActivity) -> a
    void access$1(com.funo.park.LoadingActivity,boolean) -> a
    java.lang.String access$2(com.funo.park.LoadingActivity) -> b
    int access$3(com.funo.park.LoadingActivity) -> c
    void access$4(com.funo.park.LoadingActivity,com.funo.park.database.SQLiteDataBaseHelper) -> a
    com.funo.park.database.SQLiteDataBaseHelper access$5(com.funo.park.LoadingActivity) -> d
    java.lang.String access$6(com.funo.park.LoadingActivity) -> e
    void access$7(com.funo.park.LoadingActivity,java.lang.String) -> a
com.funo.park.LoadingActivity$1 -> com.funo.park.d:
    com.funo.park.LoadingActivity this$0 -> a
    void onClick(android.content.DialogInterface,int) -> onClick
com.funo.park.LoadingActivity$2 -> com.funo.park.e:
    com.funo.park.LoadingActivity this$0 -> a
    void onClick(android.content.DialogInterface,int) -> onClick
com.funo.park.LoadingActivity$3 -> com.funo.park.f:
    com.funo.park.LoadingActivity this$0 -> a
    void run() -> run
com.funo.park.LoadingActivity$4 -> com.funo.park.g:
    com.funo.park.LoadingActivity this$0 -> a
    void onClick(android.content.DialogInterface,int) -> onClick
com.funo.park.LoadingActivity$5 -> com.funo.park.h:
    com.funo.park.LoadingActivity this$0 -> a
    void onClick(android.content.DialogInterface,int) -> onClick
com.funo.park.LoadingActivity$LoadingDataTask -> com.funo.park.i:
    com.funo.park.LoadingActivity this$0 -> a
    java.lang.String doInBackground(java.lang.String[]) -> a
    void onPreExecute() -> onPreExecute
    void onPostExecute(java.lang.String) -> a
    void onPostExecute(java.lang.Object) -> onPostExecute
    java.lang.Object doInBackground(java.lang.Object[]) -> doInBackground
com.funo.park.LoadingActivity$LoadingIndex -> com.funo.park.j:
    com.funo.park.LoadingActivity this$0 -> a
    java.lang.String doInBackground(java.lang.String[]) -> a
    java.lang.Object doInBackground(java.lang.Object[]) -> doInBackground
...
com.iflytek.msc.a.h -> com.iflytek.msc.a.k:
    boolean a -> a
    java.util.ArrayList a(byte[],java.lang.String) -> a
    java.util.ArrayList b(byte[],java.lang.String) -> b
    void a(java.util.ArrayList,com.iflytek.speech.RecognizerResult) -> a
    com.iflytek.speech.RecognizerResult a(org.json.JSONObject) -> a
    java.util.ArrayList a(org.json.JSONArray) -> a
    java.util.HashMap b(org.json.JSONObject) -> b
    java.lang.String c(byte[],java.lang.String) -> c
    java.lang.String c(org.json.JSONObject) -> c
    void a(com.iflytek.speech.RecognizerResult,byte[],java.lang.String) -> a
com.iflytek.msc.a.i -> com.iflytek.msc.a.l:
    char[] a -> a
    byte[] b -> b
    java.lang.String a(byte[]) -> a
com.iflytek.msc.b.a -> com.iflytek.msc.b.a:
    void a() -> a
    void b() -> b
com.iflytek.msc.b.b -> com.iflytek.msc.b.b:
    boolean a -> a
    java.lang.Object b -> b
    char[] c -> c
    com.iflytek.msc.MSCSessionInfo d -> d
    com.iflytek.msc.MSCSessionInfo e -> e
    byte[] f -> f
    void a(android.content.Context,java.lang.String) -> a
    boolean a(android.content.Context,java.lang.String,java.lang.String,java.lang.String,boolean) -> a
    void a(java.lang.String) -> a
    void a(byte[],int) -> a
    void b() -> a
    void a(byte[],int,int) -> a
    boolean c() -> b
    int d() -> c
    int b(java.lang.String) -> b
    java.lang.String a(java.lang.String,byte[],java.lang.String) -> a
    boolean e() -> d
    byte[] f() -> e
    com.iflytek.msc.b.b$a g() -> f
com.iflytek.msc.b.b$a -> com.iflytek.msc.b.c:
    com.iflytek.msc.b.b$a a -> a
    com.iflytek.msc.b.b$a b -> b
    com.iflytek.msc.b.b$a c -> c
    com.iflytek.msc.b.b$a[] d -> d
    com.iflytek.msc.b.b$a[] values() -> values
    com.iflytek.msc.b.b$a valueOf(java.lang.String) -> valueOf
com.iflytek.msc.b.c -> com.iflytek.msc.b.d:
    byte[] r -> r
    java.lang.String s -> s
    java.lang.String t -> t
    com.iflytek.speech.f u -> u
    void run() -> run
    void a(byte[],java.lang.String,java.lang.String,com.iflytek.speech.f) -> a
com.iflytek.msc.b.d -> com.iflytek.msc.b.e:
    android.content.Context a -> a
    com.iflytek.speech.i b -> b
    com.iflytek.msc.b.d$a c -> c
    long d -> d
    long e -> e
    int f -> f
    int r -> r
    boolean s -> s
    boolean g -> g
    com.iflytek.msc.b.b h -> h
    com.iflytek.a.b i -> i
    com.iflytek.speech.SpeechError j -> j
    int k -> k
    int l -> l
    java.lang.String m -> m
    java.lang.String n -> n
    java.lang.String o -> o
    java.util.concurrent.ConcurrentLinkedQueue p -> p
    java.util.concurrent.ConcurrentLinkedQueue q -> q
    int[] t -> t
    void a(com.iflytek.msc.b.d$a) -> a
    java.util.concurrent.ConcurrentLinkedQueue c() -> c
    void b(byte[],int) -> b
    void a(java.lang.String,java.lang.String,java.lang.String,com.iflytek.speech.i) -> a
    boolean d() -> d
    void e() -> e
    void f() -> f
    void run() -> run
    void p() -> p
    void g() -> g
    void c(boolean) -> c
    java.util.ArrayList h() -> h
    void a(boolean) -> a
    void i() -> i
    void j() -> j
    boolean k() -> k
    void a() -> a
    void l() -> l
    void b() -> b
    void q() -> q
    void m() -> m
    void n() -> n
    void a(byte[]) -> a
    boolean b(boolean) -> b
    void a(byte[],boolean) -> a
    void a(long,int) -> a
    void a(byte[],int) -> a
    void a(com.iflytek.speech.SpeechError) -> a
    int[] o() -> o
com.iflytek.msc.b.d$a -> com.iflytek.msc.b.f:
    com.iflytek.msc.b.d$a a -> a
    com.iflytek.msc.b.d$a b -> b
    com.iflytek.msc.b.d$a c -> c
    com.iflytek.msc.b.d$a d -> d
    com.iflytek.msc.b.d$a e -> e
    com.iflytek.msc.b.d$a f -> f
    com.iflytek.msc.b.d$a g -> g
    com.iflytek.msc.b.d$a[] h -> h
    com.iflytek.msc.b.d$a[] values() -> values
    com.iflytek.msc.b.d$a valueOf(java.lang.String) -> valueOf