proguard/usage.txt
com.funo.park.BuildConfig
com.funo.park.MainActivity:
    public static final int PARK_LIST_GET_SUCCESS
    public static final int PARK_LIST_GET_FAILED
    public static final int PARK_DETAIL_GET_SUCCESS
    public static final int PARK_DETAIL_GET_FAILED
    public static final int SEARCH_ROUTE_RESULT_SUCCESS
    public static final int SEARCH_ROUTE_RESULT_FAILED
    public static final int MSG_VIEW_LONGPRESS
    public static final int MSG_VIEW_ADDRESSNAME_FAIL
    public static final int MSG_VIEW_ADDRESSNAME
    public static final int MSG_VIEW_GET_ADDRESSNAME
    public static final int POI_LIST_GET_SUCCESS
    public static final int MSG_VIEW_GET_POI_ADDRESSNAME
    public static final int MSG_VIEW_CLEAR
    public static final int MSG_WEATHER_DATA
    public static final int MSG_WEATHER_DATA_FAIL
    public static final int FIRST_LOCATION
    private android.content.SharedPreferences mSharedPreferences
    private com.iflytek.ui.RecognizerDialog iatDialog
    android.view.View pathView
    882:884:public void searchRouteResult(com.amap.mapapi.core.GeoPoint,int)
    1060:1083:private java.util.ArrayList distancePoiCopmpare(java.util.ArrayList,double)
com.funo.park.R:
    10:10:public R()
com.funo.park.R$attr
com.funo.park.R$color
com.funo.park.R$id
com.funo.park.R$layout
com.funo.park.R$raw
com.funo.park.R$string
com.funo.park.R$style
com.funo.park.adapter.AutoCompleteAdapter:
    134:134:public java.util.ArrayList getAllItems()
com.funo.park.adapter.BicycleCollectAdapter:
    private com.funo.park.adapter.BicycleCollectAdapter$ViewHolder vh
    private android.widget.TextView tv
    private java.lang.String picUrl
    private java.lang.String[] imagesUrl
    private int mode
    private com.funo.park.client.PDialogClass pDialogClass
    private android.app.ProgressDialog progressDialog
    private android.os.Handler mHandler
    private com.amap.mapapi.core.GeoPoint startPoint
    private com.amap.mapapi.core.GeoPoint endPoint
    56:56:public com.funo.park.client.PDialogClass getpDialogClass()
    60:61:public void setpDialogClass(com.funo.park.client.PDialogClass)
    64:64:public android.app.ProgressDialog getProgressDialog()
    68:69:public void setProgressDialog(android.app.ProgressDialog)
    151:176:public void searchRouteResult(com.amap.mapapi.core.GeoPoint,com.amap.mapapi.core.GeoPoint)
    49:49:static synthetic int access$1(com.funo.park.adapter.BicycleCollectAdapter)
    52:52:static synthetic android.os.Handler access$2(com.funo.park.adapter.BicycleCollectAdapter)
com.funo.park.adapter.BicycleCollectAdapter$3
com.funo.park.adapter.BicycleListAdapter:
    private com.funo.park.adapter.BicycleListAdapter$ViewHolder vh
    private android.widget.TextView tv
    private java.lang.String picUrl
    private java.lang.String[] imagesUrl
com.funo.park.adapter.RoadListAdapter:
    java.lang.String road
com.funo.park.bicycle.PublicBicycleCollectActivity:
    private com.amap.mapapi.map.RouteOverlay ol
com.funo.park.bicycle.PublicBicycleRoadLineActivity:
    private com.amap.mapapi.core.GeoPoint aGeoPoint
com.funo.park.client.HttpManager
com.funo.park.client.ImitationHttpClient:
    private android.os.Handler handler
    private java.util.Timer timer
    197:219:public java.lang.Object doPost(java.lang.Object,java.lang.Class,java.lang.String)
    230:238:public java.lang.String doGet(java.lang.String)
    248:267:public java.lang.String doPost(java.lang.String,java.lang.String,java.lang.String)
    279:297:public java.lang.String doPut(java.lang.String,java.util.Map)
    306:313:public java.lang.String doDelete(org.apache.http.client.methods.HttpDelete)
com.funo.park.client.PDialogClass:
    20:20:public boolean isMb()
...
com.iflytek.ui.b:
    public android.view.View a()
com.iflytek.ui.c:
    public c()
com.iflytek.ui.g:
    public g(android.content.Context,java.lang.String)
    public void a(com.iflytek.ui.UploadDialogListener)
    public void a(byte[],java.lang.String,java.lang.String)
    private void h()
com.iflytek.ui.p:
    public void a(com.iflytek.speech.SpeechConfig$RATE)
    public int a(boolean)
    public int b(boolean)
    public void a(int)
    public long e()
com.iflytek.ui.q:
    private com.iflytek.ui.SynthesizerDialogListener h
    private static synthetic int[] r
    public q(android.content.Context,java.lang.String)
    public void a(java.lang.String,java.lang.String)
    public void a(com.iflytek.speech.SpeechConfig$RATE)
    public void a(int)
    public void a(java.lang.String)
    public void b(int)
    public void a(com.iflytek.ui.SynthesizerDialogListener)
    public void c(int)
    public void b(java.lang.String)
    public com.iflytek.a.a$a e()
    public void f()
    public void g()
    private void j()
    private void n()
    private void a(com.iflytek.speech.SpeechError)
    private void o()
    private void p()
    private void q()
    public int a(boolean)
    public int b(boolean)
    static synthetic android.widget.ProgressBar a(com.iflytek.ui.q)
    static synthetic void b(com.iflytek.ui.q)
    static synthetic android.widget.ImageButton c(com.iflytek.ui.q)
    static synthetic void d(com.iflytek.ui.q)
    static synthetic com.iflytek.ui.SynthesizerDialogListener e(com.iflytek.ui.q)
    static synthetic void a(com.iflytek.ui.q,com.iflytek.speech.SpeechError)
    static synthetic void f(com.iflytek.ui.q)
    static synthetic int[] i()
    static synthetic android.widget.Button g(com.iflytek.ui.q)
    static synthetic android.widget.Button h(com.iflytek.ui.q)
com.iflytek.ui.u:
    public u()
com.iflytek.ui.v
com.iflytek.ui.w
com.mapabc.minimap.map.vmap.NativeMap:
    public static final java.lang.String MINIMAP_VERSION
    24:27:public NativeMap(android.content.Context)
    49:50:public void resetLabelManager()
    54:54:public void setDrawMode(int)
    67:68:public void px20ToScreen(int,int,com.amap.mapapi.map.be)
    71:72:public void pxToScreen(int,int,com.amap.mapapi.map.be)
    75:76:public void ScreenToPx20(int,int,com.amap.mapapi.map.be)
    79:80:public void ScreenToPx(int,int,com.amap.mapapi.map.be)
    83:83:public int getMapWidth()
    87:87:public int getMapHeight()
    91:91:public int getMapAngle()
    95:95:public int getMapCenterX()
    99:99:public int getMapCenterY()
    103:103:public int getMapLevel()
    107:108:public void setMapLevel(int)
    111:112:public void getLabelStruct(byte[])
    325:335:public java.lang.String[] getScreenGridNames()
    private static native void nativeResetLabelManager(int)
    private static native void nativePx20ToScreen(int,int,int,com.amap.mapapi.map.be)
    private static native void nativePxToScreen(int,int,int,com.amap.mapapi.map.be)
    private static native void nativeScreenToPx20(int,int,int,com.amap.mapapi.map.be)
    private static native void nativeScreenToPx(int,int,int,com.amap.mapapi.map.be)
    private static native void nativeGetScreenGridNames(int,byte[])
    private static native void nativeGetLabelStruct(int,byte[])
    private static native int nativeGetMapWidth(int)